2023-12-20 12:33:29  INFO User mones17 added a new response for adam.host.com.mx, sv/example/3.
User mones17 added a new response for adam.host.com.mx, sv/example/3.
2023-12-20 12:34:19  INFO User mones17 added a new response for adam.host.com.mx, sv/example/3.
User mones17 added a new response for adam.host.com.mx, sv/example/3.
2023-12-20 13:22:49  INFO User mones17 added a new response for adam.host.com.mx, sv/example/3.
User mones17 added a new response for adam.host.com.mx, sv/example/3.
2023-12-20 13:29:30  ERROR User mones17 attempted to add a new response for adam.host.com.mx, sv/example/3 but the action failed on database.
User mones17 attempted to add a new response for adam.host.com.mx, sv/example/3 but the action failed on database.
2023-12-20 13:37:17  INFO User mones17 added a new response for adam.host.com.mx, sv/example/3.
User mones17 added a new response for adam.host.com.mx, sv/example/3.
2023-12-20 13:41:37  INFO User mones17 added a new service test. The service was successfully added to the system.
User mones17 added a new service test. The service was successfully added to the system.
2023-12-20 13:43:16  INFO User mones17 added a new route, route 1, for service test. The route was successfully added to the system.
User mones17 added a new route, route 1, for service test. The route was successfully added to the system.
2023-12-20 13:44:09  INFO User mones17 added a new response for test.example, sv/example/1.
User mones17 added a new response for test.example, sv/example/1.
2023-12-20 13:44:40  INFO User mones17 has changed the API mode to Mocking, for test.example, sv/example/1
User mones17 has changed the API mode to Mocking, for test.example, sv/example/1
2023-12-20 13:51:37  ERROR User mones17 attempted to add service test, but the action failed on nginx.
User mones17 attempted to add service test, but the action failed on nginx.
2023-12-20 13:52:27  INFO User mones17 added a new service test. The service was successfully added to the system.
User mones17 added a new service test. The service was successfully added to the system.
2023-12-20 13:52:36  INFO User mones17 added a new route, route 1, for service test. The route was successfully added to the system.
User mones17 added a new route, route 1, for service test. The route was successfully added to the system.
2023-12-20 13:52:41  INFO User mones17 added a new response for test.example, sv/example/1.
User mones17 added a new response for test.example, sv/example/1.
2023-12-20 13:52:49  INFO User mones17 has changed the API mode to Mocking, for test.example, sv/example/1
User mones17 has changed the API mode to Mocking, for test.example, sv/example/1
