2023-09-22 01:10:17  WARNING User mones17 attempted to made some changes for Example, sv/example/1 but: Trying to submit a form without changes.
2023-09-22 01:10:26  WARNING User mones17 attempted to made some changes for Example, sv/example/1 but: Trying to submit a form without changes.
2023-09-22 01:10:32  INFO User mones17 made some changes for Example, sv/example/1: Name route 1 updated to route 10.
2023-09-22 01:10:36  WARNING User mones17 attempted to made some changes for Example, sv/example/1 but: Trying to submit a form without changes.
2023-09-22 01:10:46  INFO User mones17 made some changes for Example, sv/example/1: Method POST updated to POT.Name route 10 updated to route 1.
2023-09-22 01:10:54  WARNING User mones17 attempted to made some changes for Example, sv/example/1 but: Trying to submit a form without changes.
2023-09-22 01:10:59  INFO User mones17 made some changes for Example, sv/example/1: Method POT updated to PUT.Name route 1 updated to route 10.
2023-09-22 01:11:05  INFO User mones17 made some changes for Example, sv/example/1: Name route 10 updated to route 1.
2023-09-22 01:11:06  WARNING User mones17 attempted to made some changes for Example, sv/example/1 but: Trying to submit a form without changes.
2023-09-22 01:11:24  WARNING User mones17 attempted to made some changes for Example, sv/example/1 but: Trying to submit a form without changes.
2023-09-22 01:11:29  WARNING User mones17 attempted to made some changes for Example, sv/example/1 but: Trying to submit a form without changes.
2023-09-22 01:11:33  INFO User mones17 made some changes for Example, sv/example/1: Method PUT updated to GET.Name route 1 updated to route 10.
2023-09-22 01:11:37  INFO User mones17 made some changes for Example, sv/example/1: Name route 10 updated to route 1.
2023-09-22 01:11:49  WARNING User mones17 attempted to made some changes for Example, sv/example/1 but: Trying to submit a form without changes.
2023-09-22 01:16:37  INFO User mones17 made some changes for Example, sv/example/1: Method GET updated to PUT.
2023-09-22 01:16:51  WARNING User mones17 attempted to made some changes for Example, sv/example/1 but: Trying to submit a form without changes.
2023-09-22 01:16:58  INFO User mones17 made some changes for Example, sv/example/1: Method PUT updated to PT.Name route 1 updated to route 10.
2023-09-22 01:17:09  INFO User mones17 made some changes for Example, sv/example/1: Name route 10 updated to route 1.
2023-09-22 01:17:14  INFO User mones17 made some changes for Example, sv/example/1: Route sv/example/1 updated to sv/example/10. 
2023-09-22 01:17:15  WARNING User mones17 attempted to made some changes for Example, but for non-existing resource.
2023-09-22 01:17:20  WARNING User mones17 attempted to made some changes for Example, sv/example/10 but: Trying to submit a form without changes.
2023-09-22 01:17:28  INFO User mones17 made some changes for Example, sv/example/10: Route sv/example/10 updated to sv/example/1. Method PT updated to PUT.
2023-09-22 01:52:45  INFO User mones17 made some changes for Example: Host example.host updated to adam.host.mx. Name Example updated to Adam. IP ip example updated to 10.132.76.14. Port port example updated to 443. 
2023-09-22 01:52:51  WARNING User mones17 attempted to made some changes for non-existing service example.host.
2023-09-22 01:53:05  WARNING User mones17 attempted to made some chamges for Adam, but: Trying to submit a form without changes.
2023-09-22 01:54:27  WARNING User mones17 attempted to made some chamges for Adam, but: The new host what you're gonna try to insert, currently exist.
2023-09-22 01:54:36  WARNING User mones17 attempted to made some chamges for Adam, but: Trying to submit a form without changes.
2023-09-22 01:54:43  INFO User mones17 made some changes for Adam: Port 443 updated to 444. 
2023-09-22 01:54:58  INFO User mones17 made some changes for Adam: Port 444 updated to 443. 
2023-09-22 01:55:00  WARNING User mones17 attempted to made some chamges for Adam, but: Trying to submit a form without changes.
2023-09-22 01:55:05  INFO User mones17 made some changes for Adam: IP 10.132.76.14 updated to 10.132.76.141. 
2023-09-22 01:55:09  INFO User mones17 made some changes for Adam: IP 10.132.76.141 updated to 10.132.76.14. 
2023-09-22 01:55:10  WARNING User mones17 attempted to made some chamges for Adam, but: Trying to submit a form without changes.
2023-09-22 01:55:16  INFO User mones17 made some changes for Adam: Name Adam updated to Adam1. 
2023-09-22 01:55:20  INFO User mones17 made some changes for Adam1: Name Adam1 updated to Adam. 
2023-09-22 01:55:23  WARNING User mones17 attempted to made some chamges for Adam, but: Trying to submit a form without changes.
2023-09-22 01:59:17  WARNING User mones17 attempted to made some chamges for Adam, but: Trying to submit a form without changes.
2023-09-22 01:59:46  WARNING User mones17 attempted to made some chamges for Adam, but: The new host what you're gonna try to insert, currently exist.
