2024-03-26 16:29:04  ERROR User mones17 attempted to update the payload for the response 2196f03a-6dc9-4b5c-a92f-aa3e6413f966 for test, but action failed on database.
User mones17 attempted to update the payload for the response 2196f03a-6dc9-4b5c-a92f-aa3e6413f966 for test, but action failed on database.
2024-03-26 16:30:24  ERROR User mones17 attempted to update the payload for the response 2196f03a-6dc9-4b5c-a92f-aa3e6413f966 for test, but action failed on database.
User mones17 attempted to update the payload for the response 2196f03a-6dc9-4b5c-a92f-aa3e6413f966 for test, but action failed on database.
2024-03-26 16:32:50  ERROR User mones17 attempted to update the payload for the response 2196f03a-6dc9-4b5c-a92f-aa3e6413f966 for test, but action failed on database.
User mones17 attempted to update the payload for the response 2196f03a-6dc9-4b5c-a92f-aa3e6413f966 for test, but action failed on database.
2024-03-26 16:52:03  ERROR User mones17 attempted to update the payload for the response 2196f03a-6dc9-4b5c-a92f-aa3e6413f966 for test, but action failed on database.
User mones17 attempted to update the payload for the response 2196f03a-6dc9-4b5c-a92f-aa3e6413f966 for test, but action failed on database.
2024-03-26 16:53:12  ERROR User mones17 attempted to update the payload for the response 2196f03a-6dc9-4b5c-a92f-aa3e6413f966 for test, but action failed on database.
User mones17 attempted to update the payload for the response 2196f03a-6dc9-4b5c-a92f-aa3e6413f966 for test, but action failed on database.
2024-03-26 17:00:02  ERROR User mones17 attempted to update the payload for the response 2196f03a-6dc9-4b5c-a92f-aa3e6413f966 for test, but action failed on database.
User mones17 attempted to update the payload for the response 2196f03a-6dc9-4b5c-a92f-aa3e6413f966 for test, but action failed on database.
2024-03-26 17:00:08  ERROR User mones17 attempted to update the payload for the response 2196f03a-6dc9-4b5c-a92f-aa3e6413f966 for test, but action failed on database.
User mones17 attempted to update the payload for the response 2196f03a-6dc9-4b5c-a92f-aa3e6413f966 for test, but action failed on database.
2024-03-26 17:02:11  ERROR User mones17 attempted to update the payload for the response 2196f03a-6dc9-4b5c-a92f-aa3e6413f966 for test, but action failed on database.
User mones17 attempted to update the payload for the response 2196f03a-6dc9-4b5c-a92f-aa3e6413f966 for test, but action failed on database.
2024-03-26 17:09:04  ERROR User mones17 attempted to update the payload for the response 2196f03a-6dc9-4b5c-a92f-aa3e6413f966 for test, but action failed on database.
User mones17 attempted to update the payload for the response 2196f03a-6dc9-4b5c-a92f-aa3e6413f966 for test, but action failed on database.
2024-03-26 17:20:59  INFO User mones17 update the payload for the response 2196f03a-6dc9-4b5c-a92f-aa3e6413f966 for test.
User mones17 update the payload for the response 2196f03a-6dc9-4b5c-a92f-aa3e6413f966 for test.
2024-03-26 17:21:20  INFO User mones17 update the payload for the response 2196f03a-6dc9-4b5c-a92f-aa3e6413f966 for test.
User mones17 update the payload for the response 2196f03a-6dc9-4b5c-a92f-aa3e6413f966 for test.
2024-03-26 18:09:50  ERROR User mones17 attempted to change the Traffic Analyzer status to True for test.example but the action failed on nginx.
User mones17 attempted to change the Traffic Analyzer status to True for test.example but the action failed on nginx.
2024-03-26 18:18:18  INFO User mones17 changed the Traffic Analyzer status to True for test.example.
User mones17 changed the Traffic Analyzer status to True for test.example.
2024-03-26 18:19:15  INFO User mones17 changed the Traffic Analyzer status to False for test.example.
User mones17 changed the Traffic Analyzer status to False for test.example.
